0 info it worked if it ends with ok
1 verbose cli [ '/usr/bin/nodejs', '/usr/bin/npm', 'install', '-g', 'bower' ]
2 info using npm@1.4.21
3 info using node@v0.10.29
4 verbose cache add [ 'bower', null ]
5 verbose cache add name=undefined spec="bower" args=["bower",null]
6 verbose parsed url { protocol: null,
6 verbose parsed url   slashes: null,
6 verbose parsed url   auth: null,
6 verbose parsed url   host: null,
6 verbose parsed url   port: null,
6 verbose parsed url   hostname: null,
6 verbose parsed url   hash: null,
6 verbose parsed url   search: null,
6 verbose parsed url   query: null,
6 verbose parsed url   pathname: 'bower',
6 verbose parsed url   path: 'bower',
6 verbose parsed url   href: 'bower' }
7 silly lockFile 206e3ce5-bower bower
8 verbose lock bower /home/renato/.npm/206e3ce5-bower.lock
9 silly lockFile 206e3ce5-bower bower
10 silly lockFile 206e3ce5-bower bower
11 verbose addNamed [ 'bower', '' ]
12 verbose addNamed [ null, '*' ]
13 silly lockFile 1240aab1-bower bower@
14 verbose lock bower@ /home/renato/.npm/1240aab1-bower.lock
15 silly addNameRange { name: 'bower', range: '*', hasData: false }
16 verbose request where is /bower
17 verbose request registry https://registry.npmjs.org/
18 verbose request id 3b4ac00e59b70e77
19 verbose url raw /bower
20 verbose url resolving [ 'https://registry.npmjs.org/', './bower' ]
21 verbose url resolved https://registry.npmjs.org/bower
22 verbose request where is https://registry.npmjs.org/bower
23 info trying registry request attempt 1 at 16:17:17
24 http GET https://registry.npmjs.org/bower
25 http 200 https://registry.npmjs.org/bower
26 silly registry.get cb [ 200,
26 silly registry.get   { server: 'nginx/1.10.1',
26 silly registry.get     'content-type': 'application/json',
26 silly registry.get     'last-modified': 'Mon, 30 Oct 2017 10:21:03 GMT',
26 silly registry.get     etag: 'W/"59f6fd0f-30039"',
26 silly registry.get     'content-encoding': 'gzip',
26 silly registry.get     'cache-control': 'max-age=300',
26 silly registry.get     'content-length': '17420',
26 silly registry.get     'accept-ranges': 'bytes',
26 silly registry.get     date: 'Fri, 03 Nov 2017 16:17:23 GMT',
26 silly registry.get     via: '1.1 varnish',
26 silly registry.get     age: '119',
26 silly registry.get     connection: 'keep-alive',
26 silly registry.get     'x-served-by': 'cache-mad9426-MAD',
26 silly registry.get     'x-cache': 'HIT',
26 silly registry.get     'x-cache-hits': '1',
26 silly registry.get     'x-timer': 'S1509725844.803370,VS0,VE0',
26 silly registry.get     vary: 'Accept-Encoding, Accept' } ]
27 silly addNameRange number 2 { name: 'bower', range: '*', hasData: true }
28 silly addNameRange versions [ 'bower',
28 silly addNameRange   [ '0.1.0',
28 silly addNameRange     '0.1.2',
28 silly addNameRange     '0.1.3',
28 silly addNameRange     '0.2.0',
28 silly addNameRange     '0.3.0',
28 silly addNameRange     '0.3.1',
28 silly addNameRange     '0.3.2',
28 silly addNameRange     '0.4.0',
28 silly addNameRange     '0.5.0',
28 silly addNameRange     '0.5.1',
28 silly addNameRange     '0.6.0',
28 silly addNameRange     '0.6.1',
28 silly addNameRange     '0.6.2',
28 silly addNameRange     '0.6.3',
28 silly addNameRange     '0.6.4',
28 silly addNameRange     '0.6.5',
28 silly addNameRange     '0.6.6',
28 silly addNameRange     '0.6.7',
28 silly addNameRange     '0.6.8',
28 silly addNameRange     '0.7.0',
28 silly addNameRange     '0.7.1',
28 silly addNameRange     '0.8.0',
28 silly addNameRange     '0.8.1',
28 silly addNameRange     '0.8.2',
28 silly addNameRange     '0.8.3',
28 silly addNameRange     '0.8.4',
28 silly addNameRange     '0.8.5',
28 silly addNameRange     '0.8.6',
28 silly addNameRange     '0.9.0',
28 silly addNameRange     '0.9.1',
28 silly addNameRange     '0.9.2',
28 silly addNameRange     '0.10.0',
28 silly addNameRange     '1.0.0',
28 silly addNameRange     '1.0.1',
28 silly addNameRange     '1.0.2',
28 silly addNameRange     '1.0.3',
28 silly addNameRange     '1.1.0',
28 silly addNameRange     '1.1.1',
28 silly addNameRange     '1.1.2',
28 silly addNameRange     '1.2.0',
28 silly addNameRange     '1.2.1',
28 silly addNameRange     '1.2.2',
28 silly addNameRange     '1.2.3',
28 silly addNameRange     '1.2.4',
28 silly addNameRange     '1.2.5',
28 silly addNameRange     '1.2.6',
28 silly addNameRange     '1.2.7',
28 silly addNameRange     '1.2.8',
28 silly addNameRange     '1.3.0',
28 silly addNameRange     '1.3.1',
28 silly addNameRange     '1.3.2',
28 silly addNameRange     '1.3.3',
28 silly addNameRange     '1.3.4',
28 silly addNameRange     '1.3.5',
28 silly addNameRange     '1.3.6',
28 silly addNameRange     '1.3.7',
28 silly addNameRange     '1.3.8',
28 silly addNameRange     '1.3.9',
28 silly addNameRange     '1.3.10',
28 silly addNameRange     '1.3.11',
28 silly addNameRange     '1.3.12',
28 silly addNameRange     '1.4.0',
28 silly addNameRange     '1.4.1',
28 silly addNameRange     '1.5.0',
28 silly addNameRange     '1.5.1',
28 silly addNameRange     '1.5.2',
28 silly addNameRange     '1.5.3',
28 silly addNameRange     '1.6.2',
28 silly addNameRange     '1.6.3',
28 silly addNameRange     '1.6.4',
28 silly addNameRange     '1.6.5',
28 silly addNameRange     '1.5.4',
28 silly addNameRange     '1.4.2',
28 silly addNameRange     '1.6.6',
28 silly addNameRange     '1.6.7',
28 silly addNameRange     '1.6.8',
28 silly addNameRange     '1.6.9',
28 silly addNameRange     '1.7.0',
28 silly addNameRange     '1.7.1',
28 silly addNameRange     '1.7.2',
28 silly addNameRange     '1.7.5',
28 silly addNameRange     '1.7.6',
28 silly addNameRange     '1.7.7',
28 silly addNameRange     '1.7.8',
28 silly addNameRange     '1.7.9',
28 silly addNameRange     '1.8.0',
28 silly addNameRange     '1.8.2',
28 silly addNameRange     '1.7.10' ] ]
29 verbose addNamed [ 'bower', '1.8.2' ]
30 verbose addNamed [ '1.8.2', '1.8.2' ]
31 silly lockFile cda5917f-bower-1-8-2 bower@1.8.2
32 verbose lock bower@1.8.2 /home/renato/.npm/cda5917f-bower-1-8-2.lock
33 warn deprecated bower@1.8.2: ...psst! Your project can stop working at any moment because its dependencies can change. Prevent this by migrating to Yarn: https://bower.io/blog/2017/how-to-migrate-away-from-bower/
34 silly lockFile 34c7bf29--npmjs-org-bower-bower-1-8-2-tgz https://registry.npmjs.org/bower/-/bower-1.8.2.tgz
35 verbose lock https://registry.npmjs.org/bower/-/bower-1.8.2.tgz /home/renato/.npm/34c7bf29--npmjs-org-bower-bower-1-8-2-tgz.lock
36 verbose addRemoteTarball [ 'https://registry.npmjs.org/bower/-/bower-1.8.2.tgz',
36 verbose addRemoteTarball   'adf53529c8d4af02ef24fb8d5341c1419d33e2f7' ]
37 info retry fetch attempt 1 at 16:17:17
38 verbose fetch to= /tmp/npm-3758-NeGbJLWd/registry.npmjs.org/bower/-/bower-1.8.2.tgz
39 http GET https://registry.npmjs.org/bower/-/bower-1.8.2.tgz
40 http 200 https://registry.npmjs.org/bower/-/bower-1.8.2.tgz
41 silly lockFile 34c7bf29--npmjs-org-bower-bower-1-8-2-tgz https://registry.npmjs.org/bower/-/bower-1.8.2.tgz
42 silly lockFile 34c7bf29--npmjs-org-bower-bower-1-8-2-tgz https://registry.npmjs.org/bower/-/bower-1.8.2.tgz
43 silly lockFile cda5917f-bower-1-8-2 bower@1.8.2
44 silly lockFile cda5917f-bower-1-8-2 bower@1.8.2
45 silly lockFile 1240aab1-bower bower@
46 silly lockFile 1240aab1-bower bower@
47 silly resolved [ { name: 'bower',
47 silly resolved     version: '1.8.2',
47 silly resolved     description: 'The browser package manager',
47 silly resolved     author: { name: 'Twitter' },
47 silly resolved     license: 'MIT',
47 silly resolved     repository: { type: 'git', url: 'git+https://github.com/bower/bower.git' },
47 silly resolved     main: 'lib',
47 silly resolved     bin: { bower: 'bin/bower' },
47 silly resolved     homepage: 'http://bower.io',
47 silly resolved     engines: { node: '>=0.10.0' },
47 silly resolved     keywords: [ 'bower' ],
47 silly resolved     files: [ 'bin', 'lib' ],
47 silly resolved     bugs: { url: 'https://github.com/bower/bower/issues' },
47 silly resolved     _id: 'bower@1.8.2',
47 silly resolved     scripts: {},
47 silly resolved     _shasum: 'adf53529c8d4af02ef24fb8d5341c1419d33e2f7',
47 silly resolved     _from: 'bower@',
47 silly resolved     _npmVersion: '2.15.12',
47 silly resolved     _nodeVersion: '8.1.2',
47 silly resolved     _npmUser: { name: 'sheerun', email: 'sheerun@sher.pl' },
47 silly resolved     dist:
47 silly resolved      { shasum: 'adf53529c8d4af02ef24fb8d5341c1419d33e2f7',
47 silly resolved        tarball: 'https://registry.npmjs.org/bower/-/bower-1.8.2.tgz' },
47 silly resolved     maintainers:
47 silly resolved      [ [Object],
47 silly resolved        [Object],
47 silly resolved        [Object],
47 silly resolved        [Object],
47 silly resolved        [Object],
47 silly resolved        [Object],
47 silly resolved        [Object] ],
47 silly resolved     _npmOperationalInternal:
47 silly resolved      { host: 's3://npm-registry-packages',
47 silly resolved        tmp: 'tmp/bower-1.8.2.tgz_1505321164570_0.8209205863531679' },
47 silly resolved     directories: {},
47 silly resolved     deprecated: '...psst! Your project can stop working at any moment because its dependencies can change. Prevent this by migrating to Yarn: https://bower.io/blog/2017/how-to-migrate-away-from-bower/',
47 silly resolved     _resolved: 'https://registry.npmjs.org/bower/-/bower-1.8.2.tgz' } ]
48 info install bower@1.8.2 into /usr/local/lib
49 info installOne bower@1.8.2
50 verbose lib/node_modules/bower unbuild
51 verbose tar unpack /home/renato/.npm/bower/1.8.2/package.tgz
52 silly lockFile 1396471b-usr-local-lib-node-modules-bower tar:///usr/local/lib/node_modules/bower
53 verbose lock tar:///usr/local/lib/node_modules/bower /home/renato/.npm/1396471b-usr-local-lib-node-modules-bower.lock
54 silly lockFile e64ac006-nato-npm-bower-1-8-2-package-tgz tar:///home/renato/.npm/bower/1.8.2/package.tgz
55 verbose lock tar:///home/renato/.npm/bower/1.8.2/package.tgz /home/renato/.npm/e64ac006-nato-npm-bower-1-8-2-package-tgz.lock
56 silly gunzTarPerm modes [ '755', '644' ]
57 error Error: EACCES, mkdir '/usr/local/lib/node_modules'
57 error  { [Error: EACCES, mkdir '/usr/local/lib/node_modules']
57 error   errno: 3,
57 error   code: 'EACCES',
57 error   path: '/usr/local/lib/node_modules',
57 error   fstream_type: 'Directory',
57 error   fstream_path: '/usr/local/lib/node_modules/bower',
57 error   fstream_class: 'DirWriter',
57 error   fstream_stack:
57 error    [ '/usr/lib/nodejs/fstream/lib/writer.js:171:23',
57 error      '/usr/lib/nodejs/mkdirp/index.js:46:53',
57 error      'Object.oncomplete (fs.js:107:15)' ] }
58 error Please try running this command again as root/Administrator.
59 error System Linux 3.16.0-4-amd64
60 error command "/usr/bin/nodejs" "/usr/bin/npm" "install" "-g" "bower"
61 error cwd /home/renato/shine
62 error node -v v0.10.29
63 error npm -v 1.4.21
64 error path /usr/local/lib/node_modules
65 error fstream_path /usr/local/lib/node_modules/bower
66 error fstream_type Directory
67 error fstream_class DirWriter
68 error code EACCES
69 error errno 3
70 error stack Error: EACCES, mkdir '/usr/local/lib/node_modules'
71 error fstream_stack /usr/lib/nodejs/fstream/lib/writer.js:171:23
71 error fstream_stack /usr/lib/nodejs/mkdirp/index.js:46:53
71 error fstream_stack Object.oncomplete (fs.js:107:15)
72 verbose exit [ 3, true ]
